Network log. Synchronized log-informations:
Log opened: 09/10-17, at 12:53:45
Error-frequency: 0.100
Active stations: 1 2
-------------------------------------------
[[ (log-number) ]]< (source) >: (data)
-------------------------------------------
[[1]]<2>: Starting process (FakeNetworkLayer2)
[[2]]<1>: Starting process (selective_repeat)
[[3]]<1>: Starting process (FakeNetworkLayer1)
[[4]]<2>: Starting process (selective_repeat)
[[5]]<1>: sending(#1,2): «00»«00»«00»«00»«00»«00»«00»«00»«7f»«00»«00»«00»D: 0«00»«00»«00»«00»«00»«00»«00»«00»$«00»«00»«00»
[[6]]<1>: sending(#2,2): «00»«00»«00»«00»«01»«00»«00»«00»«7f»«00»«00»«00»D: 1«00»«00»«00»«00»«00»«00»«00»«00»$«00»«00»«00»
[[7]]<1>: sending(#3,2): «00»«00»«00»«00»«02»«00»«00»«00»«7f»«00»«00»«00»D: 2«00»«00»«00»«00»«00»«00»«00»«00»$«00»«00»«00»
[[8]]<1>: sending(#4,2): «00»«00»«00»«00»«03»«00»«00»«00»«7f»«00»«00»«00»D: 3«00»«00»«00»«00»«00»«00»«00»«00»$«00»«00»«00»
[[9]]<2>: lost(#1,1): «00»«00»«00»«00»«00»«00»«00»«00»«7f»«00»«00»«00»D: 0«00»«00»«00»«00»«00»«00»«00»«00»$«00»«00»«00»
[[10]]<2>: (0) - queued. recv(#2,1): «00»«00»«00»«00»«01»«00»«00»«00»«7f»«00»«00»«00»D: 1«00»«00»«00»«00»«00»«00»«00»«00»$«00»«00»«00»
[[11]]<2>: (1) - queued. recv(#3,1): «00»«00»«00»«00»«02»«00»«00»«00»«7f»«00»«00»«00»D: 2«00»«00»«00»«00»«00»«00»«00»«00»$«00»«00»«00»
[[12]]<2>: (0) queued. FromSubnet: «00»«00»«00»«00»«01»«00»«00»«00»«7f»«00»«00»«00»D: 1«00»«00»«00»«00»«00»«00»«00»«00»$«00»«00»«00»
[[13]]<2>: (1) - queued. recv(#4,1): «00»«00»«00»«00»«03»«00»«00»«00»«7f»«00»«00»«00»D: 3«00»«00»«00»«00»«00»«00»«00»«00»$«00»«00»«00»
[[14]]<2>: (0) queued. FromSubnet: «00»«00»«00»«00»«02»«00»«00»«00»«7f»«00»«00»«00»D: 2«00»«00»«00»«00»«00»«00»«00»«00»$«00»«00»«00»
[[15]]<2>: (0) queued. FromSubnet: «00»«00»«00»«00»«03»«00»«00»«00»«7f»«00»«00»«00»D: 3«00»«00»«00»«00»«00»«00»«00»«00»$«00»«00»«00»
[[16]]<2>: sending(#1,1): «01»«00»«00»«00»«00»«00»«00»«00»«7f»«00»«00»«00»«00»«00»«00»«00»«80»«05»«95»«01»«00»«00»«00»«00»$«00»«00»«00»
[[17]]<1>: lost(#1,2): «01»«00»«00»«00»«00»«00»«00»«00»«7f»«00»«00»«00»«00»«00»«00»«00»«80»«05»«95»«01»«00»«00»«00»«00»$«00»«00»«00»
[[18]]<1>: sending(#5,2): «00»«00»«00»«00»«00»«00»«00»«00»«7f»«00»«00»«00»D: 0«00»«00»«00»«00»«00»«00»«00»«00»$«00»«00»«00»
[[19]]<1>: sending(#6,2): «00»«00»«00»«00»«01»«00»«00»«00»«7f»«00»«00»«00»D: 1«00»«00»«00»«00»«00»«00»«00»«00»$«00»«00»«00»
[[20]]<1>: sending(#7,2): «00»«00»«00»«00»«02»«00»«00»«00»«7f»«00»«00»«00»D: 2«00»«00»«00»«00»«00»«00»«00»«00»$«00»«00»«00»
[[21]]<1>: sending(#8,2): «00»«00»«00»«00»«03»«00»«00»«00»«7f»«00»«00»«00»D: 3«00»«00»«00»«00»«00»«00»«00»«00»$«00»«00»«00»
[[22]]<2>: (0) - queued. recv(#5,1): «00»«00»«00»«00»«00»«00»«00»«00»«7f»«00»«00»«00»D: 0«00»«00»«00»«00»«00»«00»«00»«00»$«00»«00»«00»
[[23]]<2>: lost(#6,1): «00»«00»«00»«00»«01»«00»«00»«00»«7f»«00»«00»«00»D: 1«00»«00»«00»«00»«00»«00»«00»«00»$«00»«00»«00»
[[24]]<2>: (0) queued. FromSubnet: «00»«00»«00»«00»«00»«00»«00»«00»«7f»«00»«00»«00»D: 0«00»«00»«00»«00»«00»«00»«00»«00»$«00»«00»«00»
[[25]]<2>: (0) - queued. recv(#7,1): «00»«00»«00»«00»«02»«00»«00»«00»«7f»«00»«00»«00»D: 2«00»«00»«00»«00»«00»«00»«00»«00»$«00»«00»«00»
[[26]]<2>: FakeNetworkLayer2 SUCCES:  Received message: D: 0
[[27]]<2>: delay(#8,1): «00»«00»«00»«00»«03»«00»«00»«00»«7f»«00»«00»«00»D: 3«00»«00»«00»«00»«00»«00»«00»«00»$«00»«00»«00»
[[28]]<2>: FakeNetworkLayer2 SUCCES:  Received message: D: 1
[[29]]<2>: (0) queued. FromSubnet: «00»«00»«00»«00»«02»«00»«00»«00»«7f»«00»«00»«00»D: 2«00»«00»«00»«00»«00»«00»«00»«00»$«00»«00»«00»
[[30]]<2>: sending(#2,1): «02»«00»«00»«00»«00»«00»«00»«00»«03»«00»«00»«00»«00»«00»«00»«00»«80»«05»«95»«01»«00»«00»«00»«00»$«00»«00»«00»
[[31]]<2>: receiving delayed buffer(#8,1): «00»«00»«00»«00»«03»«00»«00»«00»«7f»«00»«00»«00»D: 3«00»«00»«00»«00»«00»«00»«00»«00»$«00»«00»«00»
[[32]]<2>: FakeNetworkLayer2 SUCCES:  Received message: D: 2
[[33]]<1>: (0) - queued. recv(#2,2): «02»«00»«00»«00»«00»«00»«00»«00»«03»«00»«00»«00»«00»«00»«00»«00»«80»«05»«95»«01»«00»«00»«00»«00»$«00»«00»«00»
[[34]]<2>: FakeNetworkLayer2 SUCCES:  Received message: D: 3
[[35]]<1>: (0) queued. FromSubnet: «02»«00»«00»«00»«00»«00»«00»«00»«03»«00»«00»«00»«00»«00»«00»«00»«80»«05»«95»«01»«00»«00»«00»«00»$«00»«00»«00»
[[36]]<2>: (0) queued. FromSubnet: «00»«00»«00»«00»«03»«00»«00»«00»«7f»«00»«00»«00»D: 3«00»«00»«00»«00»«00»«00»«00»«00»$«00»«00»«00»
[[37]]<1>: sending(#9,2): «00»«00»«00»«00»«04»«00»«00»«00»«7f»«00»«00»«00»D: 4«00»«00»«00»«00»«00»«00»«00»«00»$«00»«00»«00»
[[38]]<2>: sending(#3,1): «00»«00»«00»«00»«00»«00»«00»«00»«03»«00»«00»«00»d: 0«00»«00»«00»«00»«00»«00»«00»«00»$«00»«00»«00»
[[39]]<1>: sending(#10,2): «00»«00»«00»«00»«05»«00»«00»«00»«7f»«00»«00»«00»D: 5«00»«00»«00»«00»«00»«00»«00»«00»$«00»«00»«00»
[[40]]<2>: (0) - queued. recv(#9,1): «00»«00»«00»«00»«04»«00»«00»«00»«7f»«00»«00»«00»D: 4«00»«00»«00»«00»«00»«00»«00»«00»$«00»«00»«00»
[[41]]<1>: sending(#11,2): «00»«00»«00»«00»«06»«00»«00»«00»«7f»«00»«00»«00»D: 6«00»«00»«00»«00»«00»«00»«00»«00»$«00»«00»«00»
[[42]]<2>: sending(#4,1): «00»«00»«00»«00»«01»«00»«00»«00»«03»«00»«00»«00»d: 1«00»«00»«00»«00»«00»«00»«00»«00»$«00»«00»«00»
[[43]]<2>: (0) queued. FromSubnet: «00»«00»«00»«00»«04»«00»«00»«00»«7f»«00»«00»«00»D: 4«00»«00»«00»«00»«00»«00»«00»«00»$«00»«00»«00»
[[44]]<1>: (0) - queued. recv(#3,2): «00»«00»«00»«00»«00»«00»«00»«00»«03»«00»«00»«00»d: 0«00»«00»«00»«00»«00»«00»«00»«00»$«00»«00»«00»
[[45]]<2>: sending(#5,1): «00»«00»«00»«00»«02»«00»«00»«00»«04»«00»«00»«00»d: 2«00»«00»«00»«00»«00»«00»«00»«00»$«00»«00»«00»
[[46]]<2>: FakeNetworkLayer2 SUCCES:  Received message: D: 4
[[47]]<2>: (1) - queued. recv(#10,1): «00»«00»«00»«00»«05»«00»«00»«00»«7f»«00»«00»«00»D: 5«00»«00»«00»«00»«00»«00»«00»«00»$«00»«00»«00»
[[48]]<2>: (1) - queued. recv(#11,1): «00»«00»«00»«00»«06»«00»«00»«00»«7f»«00»«00»«00»D: 6«00»«00»«00»«00»«00»«00»«00»«00»$«00»«00»«00»
[[49]]<2>: (0) queued. FromSubnet: «00»«00»«00»«00»«05»«00»«00»«00»«7f»«00»«00»«00»D: 5«00»«00»«00»«00»«00»«00»«00»«00»$«00»«00»«00»
[[50]]<2>: (0) queued. FromSubnet: «00»«00»«00»«00»«06»«00»«00»«00»«7f»«00»«00»«00»D: 6«00»«00»«00»«00»«00»«00»«00»«00»$«00»«00»«00»
[[51]]<2>: sending(#6,1): «00»«00»«00»«00»«03»«00»«00»«00»«06»«00»«00»«00»d: 3«00»«00»«00»«00»«00»«00»«00»«00»$«00»«00»«00»
[[52]]<2>: FakeNetworkLayer2 SUCCES:  Received message: D: 5
[[53]]<2>: FakeNetworkLayer2 SUCCES:  Received message: D: 6
[[54]]<1>: (1) - queued. recv(#4,2): «00»«00»«00»«00»«01»«00»«00»«00»«03»«00»«00»«00»d: 1«00»«00»«00»«00»«00»«00»«00»«00»$«00»«00»«00»
[[55]]<1>: (1) - queued. recv(#5,2): «00»«00»«00»«00»«02»«00»«00»«00»«04»«00»«00»«00»d: 2«00»«00»«00»«00»«00»«00»«00»«00»$«00»«00»«00»
[[56]]<1>: lost(#6,2): «00»«00»«00»«00»«03»«00»«00»«00»«06»«00»«00»«00»d: 3«00»«00»«00»«00»«00»«00»«00»«00»$«00»«00»«00»
[[57]]<1>: (0) queued. FromSubnet: «00»«00»«00»«00»«00»«00»«00»«00»«03»«00»«00»«00»d: 0«00»«00»«00»«00»«00»«00»«00»«00»$«00»«00»«00»
[[58]]<1>: (1) queued. FromSubnet: «00»«00»«00»«00»«01»«00»«00»«00»«03»«00»«00»«00»d: 1«00»«00»«00»«00»«00»«00»«00»«00»$«00»«00»«00»
[[59]]<1>: (0) queued. FromSubnet: «00»«00»«00»«00»«02»«00»«00»«00»«04»«00»«00»«00»d: 2«00»«00»«00»«00»«00»«00»«00»«00»$«00»«00»«00»
[[60]]<1>: sending(#12,2): «00»«00»«00»«00»«07»«00»«00»«00»«02»«00»«00»«00»D: 7«00»«00»«00»«00»«00»«00»«00»«00»$«00»«00»«00»
[[61]]<2>: (0) - queued. recv(#12,1): «00»«00»«00»«00»«07»«00»«00»«00»«02»«00»«00»«00»D: 7«00»«00»«00»«00»«00»«00»«00»«00»$«00»«00»«00»
[[62]]<1>: FakeNetworkLayer1 SUCCES:  Received message: d: 0
[[63]]<2>: (0) queued. FromSubnet: «00»«00»«00»«00»«07»«00»«00»«00»«02»«00»«00»«00»D: 7«00»«00»«00»«00»«00»«00»«00»«00»$«00»«00»«00»
[[64]]<2>: FakeNetworkLayer2 SUCCES:  Received message: D: 7
[[65]]<2>: sending(#7,1): «00»«00»«00»«00»«04»«00»«00»«00»«07»«00»«00»«00»d: 4«00»«00»«00»«00»«00»«00»«00»«00»$«00»«00»«00»
[[66]]<2>: sending(#8,1): «00»«00»«00»«00»«05»«00»«00»«00»«07»«00»«00»«00»d: 5«00»«00»«00»«00»«00»«00»«00»«00»$«00»«00»«00»
[[67]]<1>: (0) - queued. recv(#7,2): «00»«00»«00»«00»«04»«00»«00»«00»«07»«00»«00»«00»d: 4«00»«00»«00»«00»«00»«00»«00»«00»$«00»«00»«00»
[[68]]<1>: delay(#8,2): «00»«00»«00»«00»«05»«00»«00»«00»«07»«00»«00»«00»d: 5«00»«00»«00»«00»«00»«00»«00»«00»$«00»«00»«00»
[[69]]<2>: sending(#9,1): «00»«00»«00»«00»«06»«00»«00»«00»«07»«00»«00»«00»d: 6«00»«00»«00»«00»«00»«00»«00»«00»$«00»«00»«00»
[[70]]<1>: delay(#9,2): «00»«00»«00»«00»«06»«00»«00»«00»«07»«00»«00»«00»d: 6«00»«00»«00»«00»«00»«00»«00»«00»$«00»«00»«00»
[[71]]<1>: receiving delayed buffer(#8,2): «00»«00»«00»«00»«05»«00»«00»«00»«07»«00»«00»«00»d: 5«00»«00»«00»«00»«00»«00»«00»«00»$«00»«00»«00»
[[72]]<1>: receiving delayed buffer(#9,2): «00»«00»«00»«00»«06»«00»«00»«00»«07»«00»«00»«00»d: 6«00»«00»«00»«00»«00»«00»«00»«00»$«00»«00»«00»
[[73]]<1>: FakeNetworkLayer1 SUCCES:  Received message: d: 1
[[74]]<1>: FakeNetworkLayer1 SUCCES:  Received message: d: 2
[[75]]<1>: (2) queued. FromSubnet: «00»«00»«00»«00»«04»«00»«00»«00»«07»«00»«00»«00»d: 4«00»«00»«00»«00»«00»«00»«00»«00»$«00»«00»«00»
[[76]]<1>: sending(#13,2): «02»«00»«00»«00»«00»«00»«00»«00»«02»«00»«00»«00»D: 7«00»«00»«00»«00»«00»«00»«00»«00»$«00»«00»«00»
[[77]]<2>: (0) - queued. recv(#13,1): «02»«00»«00»«00»«00»«00»«00»«00»«02»«00»«00»«00»D: 7«00»«00»«00»«00»«00»«00»«00»«00»$«00»«00»«00»
[[78]]<2>: (0) queued. FromSubnet: «02»«00»«00»«00»«00»«00»«00»«00»«02»«00»«00»«00»D: 7«00»«00»«00»«00»«00»«00»«00»«00»$«00»«00»«00»
[[79]]<1>: (1) queued. FromSubnet: «00»«00»«00»«00»«05»«00»«00»«00»«07»«00»«00»«00»d: 5«00»«00»«00»«00»«00»«00»«00»«00»$«00»«00»«00»
[[80]]<2>: sending(#10,1): «00»«00»«00»«00»«03»«00»«00»«00»«07»«00»«00»«00»d: 3«00»«00»«00»«00»«00»«00»«00»«00»$«00»«00»«00»
[[81]]<1>: (0) queued. FromSubnet: «00»«00»«00»«00»«06»«00»«00»«00»«07»«00»«00»«00»d: 6«00»«00»«00»«00»«00»«00»«00»«00»$«00»«00»«00»
[[82]]<1>: sending(#14,2): «00»«00»«00»«00»«08»«00»«00»«00»«02»«00»«00»«00»D: 8«00»«00»«00»«00»«00»«00»«00»«00»$«00»«00»«00»
[[83]]<2>: (0) - queued. recv(#14,1): «00»«00»«00»«00»«08»«00»«00»«00»«02»«00»«00»«00»D: 8«00»«00»«00»«00»«00»«00»«00»«00»$«00»«00»«00»
[[84]]<1>: sending(#15,2): «00»«00»«00»«00»«09»«00»«00»«00»«02»«00»«00»«00»D: 9«00»«00»«00»«00»«00»«00»«00»«00»$«00»«00»«00»
[[85]]<1>: sending(#16,2): «00»«00»«00»«00»«0a»«00»«00»«00»«02»«00»«00»«00»D: 10«00»«00»«00»«00»«00»«00»«00»$«00»«00»«00»
[[86]]<2>: (0) queued. FromSubnet: «00»«00»«00»«00»«08»«00»«00»«00»«02»«00»«00»«00»D: 8«00»«00»«00»«00»«00»«00»«00»«00»$«00»«00»«00»
[[87]]<2>: (1) - queued. recv(#15,1): «00»«00»«00»«00»«09»«00»«00»«00»«02»«00»«00»«00»D: 9«00»«00»«00»«00»«00»«00»«00»«00»$«00»«00»«00»
[[88]]<2>: FakeNetworkLayer2 SUCCES:  Received message: D: 8
[[89]]<2>: (0) queued. FromSubnet: «00»«00»«00»«00»«09»«00»«00»«00»«02»«00»«00»«00»D: 9«00»«00»«00»«00»«00»«00»«00»«00»$«00»«00»«00»
[[90]]<2>: (0) - queued. recv(#16,1): «00»«00»«00»«00»«0a»«00»«00»«00»«02»«00»«00»«00»D: 10«00»«00»«00»«00»«00»«00»«00»$«00»«00»«00»
[[91]]<2>: FakeNetworkLayer2 SUCCES:  Received message: D: 9
[[92]]<1>: (0) - queued. recv(#10,2): «00»«00»«00»«00»«03»«00»«00»«00»«07»«00»«00»«00»d: 3«00»«00»«00»«00»«00»«00»«00»«00»$«00»«00»«00»
[[93]]<2>: (0) queued. FromSubnet: «00»«00»«00»«00»«0a»«00»«00»«00»«02»«00»«00»«00»D: 10«00»«00»«00»«00»«00»«00»«00»$«00»«00»«00»
[[94]]<2>: FakeNetworkLayer2 SUCCES:  Received message: D: 10
[[95]]<1>: (0) queued. FromSubnet: «00»«00»«00»«00»«03»«00»«00»«00»«07»«00»«00»«00»d: 3«00»«00»«00»«00»«00»«00»«00»«00»$«00»«00»«00»
[[96]]<1>: sending(#17,2): «00»«00»«00»«00»«0b»«00»«00»«00»«06»«00»«00»«00»D: 11«00»«00»«00»«00»«00»«00»«00»$«00»«00»«00»
[[97]]<2>: (0) - queued. recv(#17,1): «00»«00»«00»«00»«0b»«00»«00»«00»«06»«00»«00»«00»D: 11«00»«00»«00»«00»«00»«00»«00»$«00»«00»«00»
[[98]]<2>: (0) queued. FromSubnet: «00»«00»«00»«00»«0b»«00»«00»«00»«06»«00»«00»«00»D: 11«00»«00»«00»«00»«00»«00»«00»$«00»«00»«00»
[[99]]<2>: FakeNetworkLayer2 SUCCES:  Received message: D: 11
[[100]]<2>: sending(#11,1): «00»«00»«00»«00»«07»«00»«00»«00»«0b»«00»«00»«00»d: 7«00»«00»«00»«00»«00»«00»«00»«00»$«00»«00»«00»
[[101]]<2>: sending(#12,1): «00»«00»«00»«00»«08»«00»«00»«00»«0b»«00»«00»«00»d: 8«00»«00»«00»«00»«00»«00»«00»«00»$«00»«00»«00»
[[102]]<1>: FakeNetworkLayer1 SUCCES:  Received message: d: 3
[[103]]<1>: FakeNetworkLayer1 SUCCES:  Received message: d: 4
[[104]]<2>: sending(#13,1): «00»«00»«00»«00»«09»«00»«00»«00»«0b»«00»«00»«00»d: 9«00»«00»«00»«00»«00»«00»«00»«00»$«00»«00»«00»
[[105]]<1>: FakeNetworkLayer1 SUCCES:  Received message: d: 5
[[106]]<1>: FakeNetworkLayer1 SUCCES:  Received message: d: 6
[[107]]<1>: (0) - queued. recv(#11,2): «00»«00»«00»«00»«07»«00»«00»«00»«0b»«00»«00»«00»d: 7«00»«00»«00»«00»«00»«00»«00»«00»$«00»«00»«00»
[[108]]<1>: (1) - queued. recv(#12,2): «00»«00»«00»«00»«08»«00»«00»«00»«0b»«00»«00»«00»d: 8«00»«00»«00»«00»«00»«00»«00»«00»$«00»«00»«00»
[[109]]<1>: (0) queued. FromSubnet: «00»«00»«00»«00»«07»«00»«00»«00»«0b»«00»«00»«00»d: 7«00»«00»«00»«00»«00»«00»«00»«00»$«00»«00»«00»
[[110]]<1>: (0) queued. FromSubnet: «00»«00»«00»«00»«08»«00»«00»«00»«0b»«00»«00»«00»d: 8«00»«00»«00»«00»«00»«00»«00»«00»$«00»«00»«00»
[[111]]<1>: FakeNetworkLayer1 SUCCES:  Received message: d: 7
[[112]]<1>: (1) - queued. recv(#13,2): «00»«00»«00»«00»«09»«00»«00»«00»«0b»«00»«00»«00»d: 9«00»«00»«00»«00»«00»«00»«00»«00»$«00»«00»«00»
[[113]]<1>: FakeNetworkLayer1 SUCCES:  Received message: d: 8
[[114]]<1>: (0) queued. FromSubnet: «00»«00»«00»«00»«09»«00»«00»«00»«0b»«00»«00»«00»d: 9«00»«00»«00»«00»«00»«00»«00»«00»$«00»«00»«00»
[[115]]<1>: sending(#18,2): «00»«00»«00»«00»«0c»«00»«00»«00»«09»«00»«00»«00»D: 12«00»«00»«00»«00»«00»«00»«00»$«00»«00»«00»
[[116]]<1>: FakeNetworkLayer1 SUCCES:  Received message: d: 9
[[117]]<2>: (0) - queued. recv(#18,1): «00»«00»«00»«00»«0c»«00»«00»«00»«09»«00»«00»«00»D: 12«00»«00»«00»«00»«00»«00»«00»$«00»«00»«00»
[[118]]<1>: sending(#19,2): «00»«00»«00»«00»«0d»«00»«00»«00»«09»«00»«00»«00»D: 13«00»«00»«00»«00»«00»«00»«00»$«00»«00»«00»
[[119]]<2>: (0) queued. FromSubnet: «00»«00»«00»«00»«0c»«00»«00»«00»«09»«00»«00»«00»D: 12«00»«00»«00»«00»«00»«00»«00»$«00»«00»«00»
[[120]]<1>: sending(#20,2): «00»«00»«00»«00»«0e»«00»«00»«00»«09»«00»«00»«00»D: 14«00»«00»«00»«00»«00»«00»«00»$«00»«00»«00»
[[121]]<2>: FakeNetworkLayer2 SUCCES:  Received message: D: 12
[[122]]<1>: sending(#21,2): «00»«00»«00»«00»«0f»«00»«00»«00»«09»«00»«00»«00»D: 15«00»«00»«00»«00»«00»«00»«00»$«00»«00»«00»
[[123]]<2>: (0) - queued. recv(#19,1): «00»«00»«00»«00»«0d»«00»«00»«00»«09»«00»«00»«00»D: 13«00»«00»«00»«00»«00»«00»«00»$«00»«00»«00»
[[124]]<2>: (0) queued. FromSubnet: «00»«00»«00»«00»«0d»«00»«00»«00»«09»«00»«00»«00»D: 13«00»«00»«00»«00»«00»«00»«00»$«00»«00»«00»
[[125]]<2>: FakeNetworkLayer2 SUCCES:  Received message: D: 13
[[126]]<2>: (1) - queued. recv(#20,1): «00»«00»«00»«00»«0e»«00»«00»«00»«09»«00»«00»«00»D: 14«00»«00»«00»«00»«00»«00»«00»$«00»«00»«00»
[[127]]<2>: (0) queued. FromSubnet: «00»«00»«00»«00»«0e»«00»«00»«00»«09»«00»«00»«00»D: 14«00»«00»«00»«00»«00»«00»«00»$«00»«00»«00»
[[128]]<2>: FakeNetworkLayer2 SUCCES:  Received message: D: 14
[[129]]<2>: (1) - queued. recv(#21,1): «00»«00»«00»«00»«0f»«00»«00»«00»«09»«00»«00»«00»D: 15«00»«00»«00»«00»«00»«00»«00»$«00»«00»«00»
[[130]]<2>: (0) queued. FromSubnet: «00»«00»«00»«00»«0f»«00»«00»«00»«09»«00»«00»«00»D: 15«00»«00»«00»«00»«00»«00»«00»$«00»«00»«00»
[[131]]<2>: FakeNetworkLayer2 SUCCES:  Received message: D: 15
[[132]]<2>: sending(#14,1): «01»«00»«00»«00»«00»«00»«00»«00»«0f»«00»«00»«00»d: 9«00»«00»«00»«00»«00»«00»«00»«00»$«00»«00»«00»
[[133]]<1>: (0) - queued. recv(#14,2): «01»«00»«00»«00»«00»«00»«00»«00»«0f»«00»«00»«00»d: 9«00»«00»«00»«00»«00»«00»«00»«00»$«00»«00»«00»
[[134]]<1>: (0) queued. FromSubnet: «01»«00»«00»«00»«00»«00»«00»«00»«0f»«00»«00»«00»d: 9«00»«00»«00»«00»«00»«00»«00»«00»$«00»«00»«00»
[[135]]<1>: sending(#22,2): «00»«00»«00»«00»«10»«00»«00»«00»«09»«00»«00»«00»D: 16«00»«00»«00»«00»«00»«00»«00»$«00»«00»«00»
[[136]]<2>: (0) - queued. recv(#22,1): «00»«00»«00»«00»«10»«00»«00»«00»«09»«00»«00»«00»D: 16«00»«00»«00»«00»«00»«00»«00»$«00»«00»«00»
[[137]]<1>: sending(#23,2): «00»«00»«00»«00»«11»«00»«00»«00»«09»«00»«00»«00»D: 17«00»«00»«00»«00»«00»«00»«00»$«00»«00»«00»
[[138]]<2>: (0) queued. FromSubnet: «00»«00»«00»«00»«10»«00»«00»«00»«09»«00»«00»«00»D: 16«00»«00»«00»«00»«00»«00»«00»$«00»«00»«00»
[[139]]<1>: sending(#24,2): «00»«00»«00»«00»«12»«00»«00»«00»«09»«00»«00»«00»D: 18«00»«00»«00»«00»«00»«00»«00»$«00»«00»«00»
[[140]]<2>: (1) - queued. recv(#23,1): «00»«00»«00»«00»«11»«00»«00»«00»«09»«00»«00»«00»D: 17«00»«00»«00»«00»«00»«00»«00»$«00»«00»«00»
[[141]]<2>: (0) queued. FromSubnet: «00»«00»«00»«00»«11»«00»«00»«00»«09»«00»«00»«00»D: 17«00»«00»«00»«00»«00»«00»«00»$«00»«00»«00»
[[142]]<1>: sending(#25,2): «00»«00»«00»«00»«13»«00»«00»«00»«09»«00»«00»«00»D: 19«00»«00»«00»«00»«00»«00»«00»$«00»«00»«00»
[[143]]<2>: (1) - queued. recv(#24,1): «00»«00»«00»«00»«12»«00»«00»«00»«09»«00»«00»«00»D: 18«00»«00»«00»«00»«00»«00»«00»$«00»«00»«00»
[[144]]<2>: FakeNetworkLayer2 SUCCES:  Received message: D: 16
[[145]]<2>: (1) - queued. recv(#25,1): «00»«00»«00»«00»«13»«00»«00»«00»«09»«00»«00»«00»D: 19«00»«00»«00»«00»«00»«00»«00»$«00»«00»«00»
[[146]]<2>: (0) queued. FromSubnet: «00»«00»«00»«00»«12»«00»«00»«00»«09»«00»«00»«00»D: 18«00»«00»«00»«00»«00»«00»«00»$«00»«00»«00»
[[147]]<2>: (0) queued. FromSubnet: «00»«00»«00»«00»«13»«00»«00»«00»«09»«00»«00»«00»D: 19«00»«00»«00»«00»«00»«00»«00»$«00»«00»«00»
[[148]]<2>: FakeNetworkLayer2 SUCCES:  Received message: D: 17
[[149]]<2>: FakeNetworkLayer2 SUCCES:  Received message: D: 18
[[150]]<2>: FakeNetworkLayer2 SUCCES:  Received message: D: 19
[[151]]<2>: FakeNetworkLayer2 SUCCES:  Stopping - received 20 messages and sent 10
[[152]]<2>: sending(#15,1): «01»«00»«00»«00»«00»«00»«00»«00»«13»«00»«00»«00»d: 9«00»«00»«00»«00»«00»«00»«00»«00»$«00»«00»«00»
[[153]]<1>: (0) - queued. recv(#15,2): «01»«00»«00»«00»«00»«00»«00»«00»«13»«00»«00»«00»d: 9«00»«00»«00»«00»«00»«00»«00»«00»$«00»«00»«00»
[[154]]<1>: (0) queued. FromSubnet: «01»«00»«00»«00»«00»«00»«00»«00»«13»«00»«00»«00»d: 9«00»«00»«00»«00»«00»«00»«00»«00»$«00»«00»«00»
[[155]]<2>: sending(#16,1): «00»«00»«00»«00»«03»«00»«00»«00»«13»«00»«00»«00»d: 7«00»«00»«00»«00»«00»«00»«00»«00»$«00»«00»«00»
[[156]]<1>: (0) - queued. recv(#16,2): «00»«00»«00»«00»«03»«00»«00»«00»«13»«00»«00»«00»d: 7«00»«00»«00»«00»«00»«00»«00»«00»$«00»«00»«00»
[[157]]<1>: (0) queued. FromSubnet: «00»«00»«00»«00»«03»«00»«00»«00»«13»«00»«00»«00»d: 7«00»«00»«00»«00»«00»«00»«00»«00»$«00»«00»«00»
[[158]]<1>: sending(#26,2): «02»«00»«00»«00»«00»«00»«00»«00»«09»«00»«00»«00»D: 19«00»«00»«00»«00»«00»«00»«00»$«00»«00»«00»
[[159]]<2>: (0) - queued. recv(#26,1): «02»«00»«00»«00»«00»«00»«00»«00»«09»«00»«00»«00»D: 19«00»«00»«00»«00»«00»«00»«00»$«00»«00»«00»
[[160]]<2>: (0) queued. FromSubnet: «02»«00»«00»«00»«00»«00»«00»«00»«09»«00»«00»«00»D: 19«00»«00»«00»«00»«00»«00»«00»$«00»«00»«00»
[[161]]<2>: sending(#17,1): «00»«00»«00»«00»«03»«00»«00»«00»«13»«00»«00»«00»d: 7«00»«00»«00»«00»«00»«00»«00»«00»$«00»«00»«00»
[[162]]<1>: (0) - queued. recv(#17,2): «00»«00»«00»«00»«03»«00»«00»«00»«13»«00»«00»«00»d: 7«00»«00»«00»«00»«00»«00»«00»«00»$«00»«00»«00»
[[163]]<1>: (0) queued. FromSubnet: «00»«00»«00»«00»«03»«00»«00»«00»«13»«00»«00»«00»d: 7«00»«00»«00»«00»«00»«00»«00»«00»$«00»«00»«00»
[[164]]<1>: sending(#27,2): «01»«00»«00»«00»«00»«00»«00»«00»«09»«00»«00»«00»D: 19«00»«00»«00»«00»«00»«00»«00»$«00»«00»«00»
[[165]]<2>: (0) - queued. recv(#27,1): «01»«00»«00»«00»«00»«00»«00»«00»«09»«00»«00»«00»D: 19«00»«00»«00»«00»«00»«00»«00»$«00»«00»«00»
[[166]]<2>: (0) queued. FromSubnet: «01»«00»«00»«00»«00»«00»«00»«00»«09»«00»«00»«00»D: 19«00»«00»«00»«00»«00»«00»«00»$«00»«00»«00»
[[167]]<2>: sending(#18,1): «00»«00»«00»«00»«03»«00»«00»«00»«13»«00»«00»«00»d: 7«00»«00»«00»«00»«00»«00»«00»«00»$«00»«00»«00»
[[168]]<1>: (0) - queued. recv(#18,2): «00»«00»«00»«00»«03»«00»«00»«00»«13»«00»«00»«00»d: 7«00»«00»«00»«00»«00»«00»«00»«00»$«00»«00»«00»
[[169]]<1>: (0) queued. FromSubnet: «00»«00»«00»«00»«03»«00»«00»«00»«13»«00»«00»«00»d: 7«00»«00»«00»«00»«00»«00»«00»«00»$«00»«00»«00»
[[170]]<1>: sending(#28,2): «01»«00»«00»«00»«00»«00»«00»«00»«09»«00»«00»«00»D: 19«00»«00»«00»«00»«00»«00»«00»$«00»«00»«00»
[[171]]<2>: (0) - queued. recv(#28,1): «01»«00»«00»«00»«00»«00»«00»«00»«09»«00»«00»«00»D: 19«00»«00»«00»«00»«00»«00»«00»$«00»«00»«00»
[[172]]<2>: (0) queued. FromSubnet: «01»«00»«00»«00»«00»«00»«00»«00»«09»«00»«00»«00»D: 19«00»«00»«00»«00»«00»«00»«00»$«00»«00»«00»
[[173]]<2>: sending(#19,1): «00»«00»«00»«00»«03»«00»«00»«00»«13»«00»«00»«00»d: 7«00»«00»«00»«00»«00»«00»«00»«00»$«00»«00»«00»
[[174]]<1>: (0) - queued. recv(#19,2): «00»«00»«00»«00»«03»«00»«00»«00»«13»«00»«00»«00»d: 7«00»«00»«00»«00»«00»«00»«00»«00»$«00»«00»«00»
[[175]]<1>: (0) queued. FromSubnet: «00»«00»«00»«00»«03»«00»«00»«00»«13»«00»«00»«00»d: 7«00»«00»«00»«00»«00»«00»«00»«00»$«00»«00»«00»
[[176]]<1>: sending(#29,2): «01»«00»«00»«00»«00»«00»«00»«00»«09»«00»«00»«00»D: 19«00»«00»«00»«00»«00»«00»«00»$«00»«00»«00»
[[177]]<2>: (0) - queued. recv(#29,1): «01»«00»«00»«00»«00»«00»«00»«00»«09»«00»«00»«00»D: 19«00»«00»«00»«00»«00»«00»«00»$«00»«00»«00»
[[178]]<2>: (0) queued. FromSubnet: «01»«00»«00»«00»«00»«00»«00»«00»«09»«00»«00»«00»D: 19«00»«00»«00»«00»«00»«00»«00»$«00»«00»«00»
[[179]]<2>: sending(#20,1): «00»«00»«00»«00»«03»«00»«00»«00»«13»«00»«00»«00»d: 7«00»«00»«00»«00»«00»«00»«00»«00»$«00»«00»«00»
[[180]]<1>: (0) - queued. recv(#20,2): «00»«00»«00»«00»«03»«00»«00»«00»«13»«00»«00»«00»d: 7«00»«00»«00»«00»«00»«00»«00»«00»$«00»«00»«00»
[[181]]<1>: (0) queued. FromSubnet: «00»«00»«00»«00»«03»«00»«00»«00»«13»«00»«00»«00»d: 7«00»«00»«00»«00»«00»«00»«00»«00»$«00»«00»«00»
[[182]]<1>: sending(#30,2): «01»«00»«00»«00»«00»«00»«00»«00»«09»«00»«00»«00»D: 19«00»«00»«00»«00»«00»«00»«00»$«00»«00»«00»
[[183]]<2>: (0) - queued. recv(#30,1): «01»«00»«00»«00»«00»«00»«00»«00»«09»«00»«00»«00»D: 19«00»«00»«00»«00»«00»«00»«00»$«00»«00»«00»
[[184]]<2>: (0) queued. FromSubnet: «01»«00»«00»«00»«00»«00»«00»«00»«09»«00»«00»«00»D: 19«00»«00»«00»«00»«00»«00»«00»$«00»«00»«00»
[[185]]<2>: sending(#21,1): «00»«00»«00»«00»«03»«00»«00»«00»«13»«00»«00»«00»d: 7«00»«00»«00»«00»«00»«00»«00»«00»$«00»«00»«00»
[[186]]<1>: (0) - queued. recv(#21,2): «00»«00»«00»«00»«03»«00»«00»«00»«13»«00»«00»«00»d: 7«00»«00»«00»«00»«00»«00»«00»«00»$«00»«00»«00»
[[187]]<1>: (0) queued. FromSubnet: «00»«00»«00»«00»«03»«00»«00»«00»«13»«00»«00»«00»d: 7«00»«00»«00»«00»«00»«00»«00»«00»$«00»«00»«00»
[[188]]<1>: sending(#31,2): «01»«00»«00»«00»«00»«00»«00»«00»«09»«00»«00»«00»D: 19«00»«00»«00»«00»«00»«00»«00»$«00»«00»«00»
[[189]]<2>: lost(#31,1): «01»«00»«00»«00»«00»«00»«00»«00»«09»«00»«00»«00»D: 19«00»«00»«00»«00»«00»«00»«00»$«00»«00»«00»
[[190]]<2>: sending(#22,1): «00»«00»«00»«00»«03»«00»«00»«00»«13»«00»«00»«00»d: 7«00»«00»«00»«00»«00»«00»«00»«00»$«00»«00»«00»
[[191]]<1>: (0) - queued. recv(#22,2): «00»«00»«00»«00»«03»«00»«00»«00»«13»«00»«00»«00»d: 7«00»«00»«00»«00»«00»«00»«00»«00»$«00»«00»«00»
[[192]]<1>: (0) queued. FromSubnet: «00»«00»«00»«00»«03»«00»«00»«00»«13»«00»«00»«00»d: 7«00»«00»«00»«00»«00»«00»«00»«00»$«00»«00»«00»
[[193]]<1>: sending(#32,2): «01»«00»«00»«00»«00»«00»«00»«00»«09»«00»«00»«00»D: 19«00»«00»«00»«00»«00»«00»«00»$«00»«00»«00»
[[194]]<2>: (0) - queued. recv(#32,1): «01»«00»«00»«00»«00»«00»«00»«00»«09»«00»«00»«00»D: 19«00»«00»«00»«00»«00»«00»«00»$«00»«00»«00»
[[195]]<2>: (0) queued. FromSubnet: «01»«00»«00»«00»«00»«00»«00»«00»«09»«00»«00»«00»D: 19«00»«00»«00»«00»«00»«00»«00»$«00»«00»«00»
[[196]]<2>: sending(#23,1): «00»«00»«00»«00»«03»«00»«00»«00»«13»«00»«00»«00»d: 7«00»«00»«00»«00»«00»«00»«00»«00»$«00»«00»«00»
[[197]]<1>: (0) - queued. recv(#23,2): «00»«00»«00»«00»«03»«00»«00»«00»«13»«00»«00»«00»d: 7«00»«00»«00»«00»«00»«00»«00»«00»$«00»«00»«00»
[[198]]<1>: (0) queued. FromSubnet: «00»«00»«00»«00»«03»«00»«00»«00»«13»«00»«00»«00»d: 7«00»«00»«00»«00»«00»«00»«00»«00»$«00»«00»«00»
[[199]]<1>: sending(#33,2): «01»«00»«00»«00»«00»«00»«00»«00»«09»«00»«00»«00»D: 19«00»«00»«00»«00»«00»«00»«00»$«00»«00»«00»
[[200]]<2>: (0) - queued. recv(#33,1): «01»«00»«00»«00»«00»«00»«00»«00»«09»«00»«00»«00»D: 19«00»«00»«00»«00»«00»«00»«00»$«00»«00»«00»
[[201]]<2>: (0) queued. FromSubnet: «01»«00»«00»«00»«00»«00»«00»«00»«09»«00»«00»«00»D: 19«00»«00»«00»«00»«00»«00»«00»$«00»«00»«00»
[[202]]<2>: sending(#24,1): «00»«00»«00»«00»«03»«00»«00»«00»«13»«00»«00»«00»d: 7«00»«00»«00»«00»«00»«00»«00»«00»$«00»«00»«00»
[[203]]<1>: (0) - queued. recv(#24,2): «00»«00»«00»«00»«03»«00»«00»«00»«13»«00»«00»«00»d: 7«00»«00»«00»«00»«00»«00»«00»«00»$«00»«00»«00»
[[204]]<1>: (0) queued. FromSubnet: «00»«00»«00»«00»«03»«00»«00»«00»«13»«00»«00»«00»d: 7«00»«00»«00»«00»«00»«00»«00»«00»$«00»«00»«00»
[[205]]<1>: sending(#34,2): «01»«00»«00»«00»«00»«00»«00»«00»«09»«00»«00»«00»D: 19«00»«00»«00»«00»«00»«00»«00»$«00»«00»«00»
[[206]]<2>: (0) - queued. recv(#34,1): «01»«00»«00»«00»«00»«00»«00»«00»«09»«00»«00»«00»D: 19«00»«00»«00»«00»«00»«00»«00»$«00»«00»«00»
[[207]]<2>: (0) queued. FromSubnet: «01»«00»«00»«00»«00»«00»«00»«00»«09»«00»«00»«00»D: 19«00»«00»«00»«00»«00»«00»«00»$«00»«00»«00»
[[208]]<2>: sending(#25,1): «00»«00»«00»«00»«03»«00»«00»«00»«13»«00»«00»«00»d: 7«00»«00»«00»«00»«00»«00»«00»«00»$«00»«00»«00»
[[209]]<1>: (0) - queued. recv(#25,2): «00»«00»«00»«00»«03»«00»«00»«00»«13»«00»«00»«00»d: 7«00»«00»«00»«00»«00»«00»«00»«00»$«00»«00»«00»
[[210]]<1>: (0) queued. FromSubnet: «00»«00»«00»«00»«03»«00»«00»«00»«13»«00»«00»«00»d: 7«00»«00»«00»«00»«00»«00»«00»«00»$«00»«00»«00»
[[211]]<1>: sending(#35,2): «01»«00»«00»«00»«00»«00»«00»«00»«09»«00»«00»«00»D: 19«00»«00»«00»«00»«00»«00»«00»$«00»«00»«00»
[[212]]<2>: (0) - queued. recv(#35,1): «01»«00»«00»«00»«00»«00»«00»«00»«09»«00»«00»«00»D: 19«00»«00»«00»«00»«00»«00»«00»$«00»«00»«00»
[[213]]<2>: (0) queued. FromSubnet: «01»«00»«00»«00»«00»«00»«00»«00»«09»«00»«00»«00»D: 19«00»«00»«00»«00»«00»«00»«00»$«00»«00»«00»
[[214]]<2>: sending(#26,1): «00»«00»«00»«00»«03»«00»«00»«00»«13»«00»«00»«00»d: 7«00»«00»«00»«00»«00»«00»«00»«00»$«00»«00»«00»
[[215]]<1>: (0) - queued. recv(#26,2): «00»«00»«00»«00»«03»«00»«00»«00»«13»«00»«00»«00»d: 7«00»«00»«00»«00»«00»«00»«00»«00»$«00»«00»«00»
[[216]]<1>: (0) queued. FromSubnet: «00»«00»«00»«00»«03»«00»«00»«00»«13»«00»«00»«00»d: 7«00»«00»«00»«00»«00»«00»«00»«00»$«00»«00»«00»
[[217]]<1>: sending(#36,2): «01»«00»«00»«00»«00»«00»«00»«00»«09»«00»«00»«00»D: 19«00»«00»«00»«00»«00»«00»«00»$«00»«00»«00»
[[218]]<2>: (0) - queued. recv(#36,1): «01»«00»«00»«00»«00»«00»«00»«00»«09»«00»«00»«00»D: 19«00»«00»«00»«00»«00»«00»«00»$«00»«00»«00»
[[219]]<2>: (0) queued. FromSubnet: «01»«00»«00»«00»«00»«00»«00»«00»«09»«00»«00»«00»D: 19«00»«00»«00»«00»«00»«00»«00»$«00»«00»«00»
[[220]]<2>: sending(#27,1): «00»«00»«00»«00»«03»«00»«00»«00»«13»«00»«00»«00»d: 7«00»«00»«00»«00»«00»«00»«00»«00»$«00»«00»«00»
[[221]]<1>: (0) - queued. recv(#27,2): «00»«00»«00»«00»«03»«00»«00»«00»«13»«00»«00»«00»d: 7«00»«00»«00»«00»«00»«00»«00»«00»$«00»«00»«00»
[[222]]<1>: (0) queued. FromSubnet: «00»«00»«00»«00»«03»«00»«00»«00»«13»«00»«00»«00»d: 7«00»«00»«00»«00»«00»«00»«00»«00»$«00»«00»«00»
[[223]]<1>: sending(#37,2): «01»«00»«00»«00»«00»«00»«00»«00»«09»«00»«00»«00»D: 19«00»«00»«00»«00»«00»«00»«00»$«00»«00»«00»
[[224]]<2>: (0) - queued. recv(#37,1): «01»«00»«00»«00»«00»«00»«00»«00»«09»«00»«00»«00»D: 19«00»«00»«00»«00»«00»«00»«00»$«00»«00»«00»
[[225]]<2>: (0) queued. FromSubnet: «01»«00»«00»«00»«00»«00»«00»«00»«09»«00»«00»«00»D: 19«00»«00»«00»«00»«00»«00»«00»$«00»«00»«00»
[[226]]<2>: sending(#28,1): «00»«00»«00»«00»«03»«00»«00»«00»«13»«00»«00»«00»d: 7«00»«00»«00»«00»«00»«00»«00»«00»$«00»«00»«00»
[[227]]<1>: lost(#28,2): «00»«00»«00»«00»«03»«00»«00»«00»«13»«00»«00»«00»d: 7«00»«00»«00»«00»«00»«00»«00»«00»$«00»«00»«00»
[[228]]<2>: sending(#29,1): «00»«00»«00»«00»«03»«00»«00»«00»«13»«00»«00»«00»d: 7«00»«00»«00»«00»«00»«00»«00»«00»$«00»«00»«00»
[[229]]<1>: (0) - queued. recv(#29,2): «00»«00»«00»«00»«03»«00»«00»«00»«13»«00»«00»«00»d: 7«00»«00»«00»«00»«00»«00»«00»«00»$«00»«00»«00»
[[230]]<1>: (0) queued. FromSubnet: «00»«00»«00»«00»«03»«00»«00»«00»«13»«00»«00»«00»d: 7«00»«00»«00»«00»«00»«00»«00»«00»$«00»«00»«00»
[[231]]<1>: sending(#38,2): «01»«00»«00»«00»«00»«00»«00»«00»«09»«00»«00»«00»D: 19«00»«00»«00»«00»«00»«00»«00»$«00»«00»«00»
[[232]]<2>: (0) - queued. recv(#38,1): «01»«00»«00»«00»«00»«00»«00»«00»«09»«00»«00»«00»D: 19«00»«00»«00»«00»«00»«00»«00»$«00»«00»«00»
[[233]]<2>: (0) queued. FromSubnet: «01»«00»«00»«00»«00»«00»«00»«00»«09»«00»«00»«00»D: 19«00»«00»«00»«00»«00»«00»«00»$«00»«00»«00»
[[234]]<2>: sending(#30,1): «00»«00»«00»«00»«03»«00»«00»«00»«13»«00»«00»«00»d: 7«00»«00»«00»«00»«00»«00»«00»«00»$«00»«00»«00»
[[235]]<1>: (0) - queued. recv(#30,2): «00»«00»«00»«00»«03»«00»«00»«00»«13»«00»«00»«00»d: 7«00»«00»«00»«00»«00»«00»«00»«00»$«00»«00»«00»
[[236]]<1>: (0) queued. FromSubnet: «00»«00»«00»«00»«03»«00»«00»«00»«13»«00»«00»«00»d: 7«00»«00»«00»«00»«00»«00»«00»«00»$«00»«00»«00»
[[237]]<1>: sending(#39,2): «01»«00»«00»«00»«00»«00»«00»«00»«09»«00»«00»«00»D: 19«00»«00»«00»«00»«00»«00»«00»$«00»«00»«00»
[[238]]<2>: (0) - queued. recv(#39,1): «01»«00»«00»«00»«00»«00»«00»«00»«09»«00»«00»«00»D: 19«00»«00»«00»«00»«00»«00»«00»$«00»«00»«00»
[[239]]<2>: (0) queued. FromSubnet: «01»«00»«00»«00»«00»«00»«00»«00»«09»«00»«00»«00»D: 19«00»«00»«00»«00»«00»«00»«00»$«00»«00»«00»
[[240]]<2>: sending(#31,1): «00»«00»«00»«00»«03»«00»«00»«00»«13»«00»«00»«00»d: 7«00»«00»«00»«00»«00»«00»«00»«00»$«00»«00»«00»
[[241]]<1>: (0) - queued. recv(#31,2): «00»«00»«00»«00»«03»«00»«00»«00»«13»«00»«00»«00»d: 7«00»«00»«00»«00»«00»«00»«00»«00»$«00»«00»«00»
[[242]]<1>: (0) queued. FromSubnet: «00»«00»«00»«00»«03»«00»«00»«00»«13»«00»«00»«00»d: 7«00»«00»«00»«00»«00»«00»«00»«00»$«00»«00»«00»
[[243]]<1>: sending(#40,2): «01»«00»«00»«00»«00»«00»«00»«00»«09»«00»«00»«00»D: 19«00»«00»«00»«00»«00»«00»«00»$«00»«00»«00»
[[244]]<2>: (0) - queued. recv(#40,1): «01»«00»«00»«00»«00»«00»«00»«00»«09»«00»«00»«00»D: 19«00»«00»«00»«00»«00»«00»«00»$«00»«00»«00»
[[245]]<2>: (0) queued. FromSubnet: «01»«00»«00»«00»«00»«00»«00»«00»«09»«00»«00»«00»D: 19«00»«00»«00»«00»«00»«00»«00»$«00»«00»«00»
[[246]]<2>: sending(#32,1): «00»«00»«00»«00»«03»«00»«00»«00»«13»«00»«00»«00»d: 7«00»«00»«00»«00»«00»«00»«00»«00»$«00»«00»«00»
[[247]]<1>: (0) - queued. recv(#32,2): «00»«00»«00»«00»«03»«00»«00»«00»«13»«00»«00»«00»d: 7«00»«00»«00»«00»«00»«00»«00»«00»$«00»«00»«00»
[[248]]<1>: (0) queued. FromSubnet: «00»«00»«00»«00»«03»«00»«00»«00»«13»«00»«00»«00»d: 7«00»«00»«00»«00»«00»«00»«00»«00»$«00»«00»«00»
[[249]]<1>: sending(#41,2): «01»«00»«00»«00»«00»«00»«00»«00»«09»«00»«00»«00»D: 19«00»«00»«00»«00»«00»«00»«00»$«00»«00»«00»
[[250]]<2>: (0) - queued. recv(#41,1): «01»«00»«00»«00»«00»«00»«00»«00»«09»«00»«00»«00»D: 19«00»«00»«00»«00»«00»«00»«00»$«00»«00»«00»
[[251]]<2>: (0) queued. FromSubnet: «01»«00»«00»«00»«00»«00»«00»«00»«09»«00»«00»«00»D: 19«00»«00»«00»«00»«00»«00»«00»$«00»«00»«00»
[[252]]<2>: sending(#33,1): «00»«00»«00»«00»«03»«00»«00»«00»«13»«00»«00»«00»d: 7«00»«00»«00»«00»«00»«00»«00»«00»$«00»«00»«00»
[[253]]<1>: (0) - queued. recv(#33,2): «00»«00»«00»«00»«03»«00»«00»«00»«13»«00»«00»«00»d: 7«00»«00»«00»«00»«00»«00»«00»«00»$«00»«00»«00»
[[254]]<1>: (0) queued. FromSubnet: «00»«00»«00»«00»«03»«00»«00»«00»«13»«00»«00»«00»d: 7«00»«00»«00»«00»«00»«00»«00»«00»$«00»«00»«00»
[[255]]<1>: sending(#42,2): «01»«00»«00»«00»«00»«00»«00»«00»«09»«00»«00»«00»D: 19«00»«00»«00»«00»«00»«00»«00»$«00»«00»«00»
[[256]]<2>: (0) - queued. recv(#42,1): «01»«00»«00»«00»«00»«00»«00»«00»«09»«00»«00»«00»D: 19«00»«00»«00»«00»«00»«00»«00»$«00»«00»«00»
[[257]]<2>: (0) queued. FromSubnet: «01»«00»«00»«00»«00»«00»«00»«00»«09»«00»«00»«00»D: 19«00»«00»«00»«00»«00»«00»«00»$«00»«00»«00»
[[258]]<2>: sending(#34,1): «00»«00»«00»«00»«03»«00»«00»«00»«13»«00»«00»«00»d: 7«00»«00»«00»«00»«00»«00»«00»«00»$«00»«00»«00»
[[259]]<1>: (0) - queued. recv(#34,2): «00»«00»«00»«00»«03»«00»«00»«00»«13»«00»«00»«00»d: 7«00»«00»«00»«00»«00»«00»«00»«00»$«00»«00»«00»
[[260]]<1>: (0) queued. FromSubnet: «00»«00»«00»«00»«03»«00»«00»«00»«13»«00»«00»«00»d: 7«00»«00»«00»«00»«00»«00»«00»«00»$«00»«00»«00»
[[261]]<1>: sending(#43,2): «01»«00»«00»«00»«00»«00»«00»«00»«09»«00»«00»«00»D: 19«00»«00»«00»«00»«00»«00»«00»$«00»«00»«00»
[[262]]<2>: (0) - queued. recv(#43,1): «01»«00»«00»«00»«00»«00»«00»«00»«09»«00»«00»«00»D: 19«00»«00»«00»«00»«00»«00»«00»$«00»«00»«00»
[[263]]<2>: (0) queued. FromSubnet: «01»«00»«00»«00»«00»«00»«00»«00»«09»«00»«00»«00»D: 19«00»«00»«00»«00»«00»«00»«00»$«00»«00»«00»
[[264]]<2>: sending(#35,1): «00»«00»«00»«00»«03»«00»«00»«00»«13»«00»«00»«00»d: 7«00»«00»«00»«00»«00»«00»«00»«00»$«00»«00»«00»
[[265]]<1>: (0) - queued. recv(#35,2): «00»«00»«00»«00»«03»«00»«00»«00»«13»«00»«00»«00»d: 7«00»«00»«00»«00»«00»«00»«00»«00»$«00»«00»«00»
[[266]]<1>: (0) queued. FromSubnet: «00»«00»«00»«00»«03»«00»«00»«00»«13»«00»«00»«00»d: 7«00»«00»«00»«00»«00»«00»«00»«00»$«00»«00»«00»
[[267]]<1>: <<Sending stop-signal>>
[[268]]<1>: <<stop-signal received.>>
[[269]]<2>: <<stop-signal received.>>
[[270]]<2>: <<Sending stop-signal>>
[[271]]<1>: sending(#44,2): «01»«00»«00»«00»«00»«00»«00»«00»«09»«00»«00»«00»D: 19«00»«00»«00»«00»«00»«00»«00»$«00»«00»«00»
[[272]]<2>: sending(#36,1): «00»«00»«00»«00»«03»«00»«00»«00»«13»«00»«00»«00»d: 7«00»«00»«00»«00»«00»«00»«00»«00»$«00»«00»«00»

>> end of log.
